Traceback (most recent call last):
  File "/gpfs/bwfor/home/tu/tu_tu/tu_wwdth01/DPN-SA/Jobs/main_propensity_dropout.py", line 34, in <module>
    Experiments().run_all_experiments(iterations=1, running_mode="original_data")
  File "/gpfs/bwfor/home/tu/tu_tu/tu_wwdth01/DPN-SA/Jobs/Experiments.py", line 72, in run_all_experiments
    trained_models = dp_sa.train_eval_DCN(iter_id,
  File "/gpfs/bwfor/home/tu/tu_tu/tu_wwdth01/DPN-SA/Jobs/DPN_SA_Deep.py", line 74, in train_eval_DCN
    LR_model = self.__train_propensity_net_LR(np_covariates_X_train, np_covariates_Y_train,
  File "/gpfs/bwfor/home/tu/tu_tu/tu_wwdth01/DPN-SA/Jobs/DPN_SA_Deep.py", line 444, in __train_propensity_net_LR
    ps_score_list_LR, LR_model = Propensity_socre_LR.train(np_covariates_X_train,
  File "/gpfs/bwfor/home/tu/tu_tu/tu_wwdth01/DPN-SA/Jobs/Propensity_score_LR.py", line 40, in train
    lr_model.fit(np_covariates_X_train, np_covariates_Y_train.ravel())
  File "/gpfs/bwfor/home/tu/tu_tu/tu_wwdth01/DPN-SA/Jobs/venv/lib/python3.10/site-packages/sklearn/base.py", line 1389, in wrapper
    return fit_method(estimator, *args, **kwargs)
  File "/gpfs/bwfor/home/tu/tu_tu/tu_wwdth01/DPN-SA/Jobs/venv/lib/python3.10/site-packages/sklearn/linear_model/_logistic.py", line 1222, in fit
    X, y = validate_data(
  File "/gpfs/bwfor/home/tu/tu_tu/tu_wwdth01/DPN-SA/Jobs/venv/lib/python3.10/site-packages/sklearn/utils/validation.py", line 2961, in validate_data
    X, y = check_X_y(X, y, **check_params)
  File "/gpfs/bwfor/home/tu/tu_tu/tu_wwdth01/DPN-SA/Jobs/venv/lib/python3.10/site-packages/sklearn/utils/validation.py", line 1370, in check_X_y
    X = check_array(
  File "/gpfs/bwfor/home/tu/tu_tu/tu_wwdth01/DPN-SA/Jobs/venv/lib/python3.10/site-packages/sklearn/utils/validation.py", line 1055, in check_array
    array = _asarray_with_order(array, order=order, dtype=dtype, xp=xp)
  File "/gpfs/bwfor/home/tu/tu_tu/tu_wwdth01/DPN-SA/Jobs/venv/lib/python3.10/site-packages/sklearn/utils/_array_api.py", line 832, in _asarray_with_order
    array = numpy.asarray(array, order=order, dtype=dtype)
  File "/gpfs/bwfor/home/tu/tu_tu/tu_wwdth01/DPN-SA/Jobs/venv/lib/python3.10/site-packages/torch/_tensor.py", line 1151, in __array__
    return self.numpy().astype(dtype, copy=False)
TypeError: can't convert cuda:0 device type tensor to numpy. Use Tensor.cpu() to copy the tensor to host memory first.
